.android/plugins_build_output/google_maps_flutter_android/intermediates/manifest_merge_blame_file/debug/manifest-merger-blame-debug-report.txt
1<?xml version="1.0" encoding="utf-8"?>
2<manifest xmlns:android="http://schemas.android.com/apk/res/android"
3    package="io.flutter.plugins.googlemaps" >
4
5    <uses-sdk android:minSdkVersion="20" />
5-->src\main\AndroidManifest.xml
6
7</manifest>